<?xml version="1.0" encoding="UTF-8"?>
<!-- Generated by org.testng.reporters.JUnitReportReporter -->
<testsuite hostname="DESKTOP-S4VQME9" failures="0" tests="2" name="com.DataDriven" time="6.367" errors="0" timestamp="2024-02-01T12:30:40 IST" skipped="0">
  <testcase classname="com.DataDriven" name="logintest" time="3.156"/>
  <testcase classname="com.DataDriven" name="logintest" time="3.211"/>
</testsuite> <!-- com.DataDriven -->
