<?xml version="1.0" encoding="UTF-8"?>
<!-- Generated by org.testng.reporters.JUnitReportReporter -->
<testsuite hostname="DESKTOP-S4VQME9" failures="0" tests="1" name="listeners.P01_Basic" time="0.010" errors="0" timestamp="2024-01-11T12:22:05 IST" skipped="0">
  <testcase classname="listeners.P01_Basic" name="test" time="0.010"/>
</testsuite> <!-- listeners.P01_Basic -->
