<?xml version="1.0" encoding="UTF-8"?>
<!-- Generated by org.testng.reporters.JUnitReportReporter -->
<testsuite hostname="DESKTOP-S4VQME9" failures="0" tests="1" name="parameterized.ParameterBasic" time="3.206" errors="0" timestamp="2024-01-11T12:02:41 IST" skipped="0">
  <testcase classname="parameterized.ParameterBasic" name="login" time="3.206"/>
</testsuite> <!-- parameterized.ParameterBasic -->
