<?xml version="1.0" encoding="UTF-8"?>
<!-- Generated by org.testng.reporters.JUnitReportReporter -->
<testsuite hostname="DESKTOP-S4VQME9" failures="0" tests="2" name="basic.P001_BasicTest" time="0.011" errors="0" timestamp="2024-01-09T12:10:23 IST" skipped="0">
  <testcase classname="basic.P001_BasicTest" name="test2" time="0.001"/>
  <testcase classname="basic.P001_BasicTest" name="test1" time="0.010"/>
</testsuite> <!-- basic.P001_BasicTest -->
