<?xml version="1.0" encoding="UTF-8"?>
<!-- Generated by org.testng.reporters.JUnitReportReporter -->
<testsuite hostname="DESKTOP-S4VQME9" failures="0" tests="5" name="basic.P002Priority" time="0.013" errors="0" timestamp="2024-01-09T12:16:45 IST" skipped="1">
  <testcase classname="basic.P002Priority" name="createAccount" time="0.009"/>
  <testcase classname="basic.P002Priority" name="login" time="0.001"/>
  <testcase classname="basic.P002Priority" name="searchProduct" time="0.002"/>
  <testcase classname="basic.P002Priority" name="payment" time="0.001"/>
  <testcase classname="basic.P002Priority" name="addtoCart">
    <skipped/>
  </testcase> <!-- addtoCart -->
</testsuite> <!-- basic.P002Priority -->
