<?xml version="1.0" encoding="UTF-8"?>
<!-- Generated by org.testng.reporters.JUnitReportReporter -->
<testsuite hostname="DESKTOP-S4VQME9" failures="0" tests="3" name="shopping.Product" time="0.014" errors="0" timestamp="2024-01-09T12:42:45 IST" skipped="0">
  <testcase classname="shopping.Product" name="addTOCart" time="0.011"/>
  <testcase classname="shopping.Product" name="searchProdcut" time="0.002"/>
  <testcase classname="shopping.Product" name="compare" time="0.001"/>
</testsuite> <!-- shopping.Product -->
