<?xml version="1.0" encoding="UTF-8"?>
<!-- Generated by org.testng.reporters.JUnitReportReporter -->
<testsuite hostname="DESKTOP-S4VQME9" failures="0" tests="2" name="shopping.Payment" time="0.004" errors="0" timestamp="2024-01-09T12:42:45 IST" skipped="0">
  <testcase classname="shopping.Payment" name="UPI" time="0.002"/>
  <testcase classname="shopping.Payment" name="debitCard" time="0.002"/>
</testsuite> <!-- shopping.Payment -->
