<?xml version="1.0" encoding="UTF-8"?>
<!-- Generated by org.testng.reporters.JUnitReportReporter -->
<testsuite hostname="DESKTOP-S4VQME9" failures="0" tests="2" name="shopping.User" time="0.002" errors="0" timestamp="2024-01-09T12:42:45 IST" skipped="0">
  <testcase classname="shopping.User" name="forgotPasswortd" time="0.001"/>
  <testcase classname="shopping.User" name="login" time="0.001"/>
</testsuite> <!-- shopping.User -->
